{"/home/haf/quotebox/src/App.vue": {"path":"/home/haf/quotebox/src/App.vue","statementMap":{"0":{"start":{"line":42,"column":0},"end":{"line":42,"column":null}},"1":{"start":{"line":43,"column":0},"end":{"line":43,"column":null}},"2":{"start":{"line":44,"column":0},"end":{"line":44,"column":null}},"3":{"start":{"line":45,"column":0},"end":{"line":45,"column":null}},"4":{"start":{"line":46,"column":0},"end":{"line":46,"column":null}},"5":{"start":{"line":47,"column":0},"end":{"line":47,"column":null}},"6":{"start":{"line":48,"column":0},"end":{"line":48,"column":null}},"7":{"start":{"line":51,"column":0},"end":{"line":51,"column":null}},"8":{"start":{"line":52,"column":0},"end":{"line":52,"column":null}},"9":{"start":{"line":53,"column":0},"end":{"line":53,"column":null}},"10":{"start":{"line":54,"column":0},"end":{"line":54,"column":null}},"11":{"start":{"line":55,"column":0},"end":{"line":55,"column":null}},"12":{"start":{"line":56,"column":0},"end":{"line":56,"column":null}},"13":{"start":{"line":58,"column":21},"end":{"line":58,"column":44}},"14":{"start":{"line":59,"column":17},"end":{"line":59,"column":26}},"15":{"start":{"line":60,"column":49},"end":{"line":60,"column":61}},"16":{"start":{"line":60,"column":18},"end":{"line":60,"column":20}},"17":{"start":{"line":60,"column":28},"end":{"line":60,"column":30}},"18":{"start":{"line":60,"column":44},"end":{"line":60,"column":49}},"19":{"start":{"line":61,"column":17},"end":{"line":61,"column":26}},"20":{"start":{"line":62,"column":20},"end":{"line":62,"column":44}},"21":{"start":{"line":66,"column":2},"end":{"line":66,"column":10}},"22":{"start":{"line":67,"column":2},"end":{"line":72,"column":null}},"23":{"start":{"line":68,"column":4},"end":{"line":68,"column":16}},"24":{"start":{"line":69,"column":4},"end":{"line":69,"column":15}},"25":{"start":{"line":71,"column":4},"end":{"line":71,"column":15}},"26":{"start":{"line":78,"column":2},"end":{"line":78,"column":10}},"27":{"start":{"line":80,"column":6},"end":{"line":80,"column":11}},"28":{"start":{"line":82,"column":8},"end":{"line":82,"column":19}},"29":{"start":{"line":83,"column":6},"end":{"line":84,"column":14}},"30":{"start":{"line":84,"column":8},"end":{"line":84,"column":14}},"31":{"start":{"line":85,"column":12},"end":{"line":85,"column":28}},"32":{"start":{"line":86,"column":14},"end":{"line":86,"column":20}},"33":{"start":{"line":86,"column":6},"end":{"line":86,"column":11}},"34":{"start":{"line":87,"column":15},"end":{"line":87,"column":26}},"35":{"start":{"line":88,"column":14},"end":{"line":88,"column":20}},"36":{"start":{"line":88,"column":6},"end":{"line":88,"column":11}},"37":{"start":{"line":89,"column":15},"end":{"line":89,"column":26}},"38":{"start":{"line":90,"column":14},"end":{"line":90,"column":20}},"39":{"start":{"line":90,"column":6},"end":{"line":90,"column":11}},"40":{"start":{"line":93,"column":4},"end":{"line":95,"column":null}},"41":{"start":{"line":94,"column":6},"end":{"line":94,"column":17}},"42":{"start":{"line":98,"column":2},"end":{"line":99,"column":null}},"43":{"start":{"line":99,"column":4},"end":{"line":99,"column":null}},"44":{"start":{"line":101,"column":2},"end":{"line":101,"column":13}},"45":{"start":{"line":102,"column":2},"end":{"line":102,"column":10}},"46":{"start":{"line":105,"column":0},"end":{"line":105,"column":12}},"47":{"start":{"line":105,"column":18},"end":{"line":105,"column":26}}},"fnMap":{"0":{"name":"updateQuote","decl":{"start":{"line":65,"column":9},"end":{"line":65,"column":21}},"loc":{"start":{"line":65,"column":36},"end":{"line":73,"column":null}}},"1":{"name":"request","decl":{"start":{"line":77,"column":15},"end":{"line":77,"column":23}},"loc":{"start":{"line":77,"column":63},"end":{"line":103,"column":null}}},"2":{"name":"(anonymous_5)","decl":{"start":{"line":105,"column":12},"end":{"line":105,"column":18}},"loc":{"start":{"line":105,"column":12},"end":{"line":105,"column":null}}}},"branchMap":{"0":{"loc":{"start":{"line":67,"column":2},"end":{"line":72,"column":null}},"type":"if","locations":[{"start":{"line":67,"column":2},"end":{"line":72,"column":null}},{"start":{"line":67,"column":2},"end":{"line":72,"column":null}}]},"1":{"loc":{"start":{"line":67,"column":40},"end":{"line":67,"column":42}},"type":"cond-expr","locations":[{"start":{"line":67,"column":40},"end":{"line":67,"column":42}},{"start":{"line":67,"column":40},"end":{"line":67,"column":46}}]},"2":{"loc":{"start":{"line":67,"column":17},"end":{"line":67,"column":42}},"type":"binary-expr","locations":[{"start":{"line":67,"column":17},"end":{"line":67,"column":42}},{"start":{"line":67,"column":40},"end":{"line":67,"column":42}}]},"3":{"loc":{"start":{"line":82,"column":8},"end":{"line":82,"column":19}},"type":"if","locations":[{"start":{"line":82,"column":8},"end":{"line":82,"column":19}},{"start":{"line":82,"column":8},"end":{"line":82,"column":19}}]},"4":{"loc":{"start":{"line":83,"column":6},"end":{"line":84,"column":14}},"type":"if","locations":[{"start":{"line":83,"column":6},"end":{"line":84,"column":14}},{"start":{"line":83,"column":6},"end":{"line":84,"column":14}}]},"5":{"loc":{"start":{"line":87,"column":15},"end":{"line":87,"column":26}},"type":"if","locations":[{"start":{"line":87,"column":15},"end":{"line":87,"column":26}},{"start":{"line":87,"column":15},"end":{"line":87,"column":26}}]},"6":{"loc":{"start":{"line":87,"column":15},"end":{"line":87,"column":43}},"type":"binary-expr","locations":[{"start":{"line":87,"column":15},"end":{"line":87,"column":43}},{"start":{"line":87,"column":43},"end":{"line":87,"column":null}}]},"7":{"loc":{"start":{"line":89,"column":15},"end":{"line":89,"column":26}},"type":"if","locations":[{"start":{"line":89,"column":15},"end":{"line":89,"column":26}},{"start":{"line":89,"column":15},"end":{"line":89,"column":26}}]},"8":{"loc":{"start":{"line":93,"column":4},"end":{"line":95,"column":null}},"type":"if","locations":[{"start":{"line":93,"column":4},"end":{"line":95,"column":null}},{"start":{"line":93,"column":4},"end":{"line":95,"column":null}}]},"9":{"loc":{"start":{"line":98,"column":2},"end":{"line":99,"column":null}},"type":"if","locations":[{"start":{"line":98,"column":2},"end":{"line":99,"column":null}},{"start":{"line":98,"column":2},"end":{"line":99,"column":null}}]}},"s":{"0":0,"1":0,"2":0,"3":0,"4":0,"5":0,"6":0,"7":0,"8":0,"9":0,"10":0,"11":0,"12":0,"13":0,"14":0,"15":0,"16":0,"17":0,"18":0,"19":0,"20":0,"21":0,"22":0,"23":0,"24":0,"25":0,"26":0,"27":0,"28":0,"29":0,"30":0,"31":0,"32":0,"33":0,"34":0,"35":0,"36":0,"37":0,"38":0,"39":0,"40":0,"41":0,"42":0,"43":0,"44":0,"45":0,"46":0,"47":0},"f":{"0":0,"1":0,"2":0},"b":{"0":[0,0],"1":[0,0],"2":[0,0],"3":[0,0],"4":[0,0],"5":[0,0],"6":[0,0],"7":[0,0],"8":[0,0],"9":[0,0]}}
,"/home/haf/quotebox/src/autoplay.ts": {"path":"/home/haf/quotebox/src/autoplay.ts","statementMap":{"0":{"start":{"line":2,"column":0},"end":{"line":2,"column":null}},"1":{"start":{"line":12,"column":21},"end":{"line":12,"column":56}},"2":{"start":{"line":5,"column":19},"end":{"line":5,"column":27}},"3":{"start":{"line":8,"column":9},"end":{"line":8,"column":31}},"4":{"start":{"line":14,"column":4},"end":{"line":14,"column":9}},"5":{"start":{"line":15,"column":4},"end":{"line":15,"column":9}},"6":{"start":{"line":19,"column":4},"end":{"line":23,"column":null}},"7":{"start":{"line":20,"column":6},"end":{"line":20,"column":11}},"8":{"start":{"line":22,"column":6},"end":{"line":22,"column":11}},"9":{"start":{"line":25,"column":4},"end":{"line":25,"column":9}},"10":{"start":{"line":29,"column":4},"end":{"line":29,"column":16}},"11":{"start":{"line":34,"column":4},"end":{"line":34,"column":9}},"12":{"start":{"line":35,"column":6},"end":{"line":35,"column":11}},"13":{"start":{"line":36,"column":6},"end":{"line":36,"column":11}},"14":{"start":{"line":41,"column":4},"end":{"line":41,"column":16}},"15":{"start":{"line":42,"column":4},"end":{"line":49,"column":null}},"16":{"start":{"line":43,"column":6},"end":{"line":43,"column":11}},"17":{"start":{"line":43,"column":40},"end":{"line":43,"column":45}},"18":{"start":{"line":44,"column":8},"end":{"line":44,"column":13}},"19":{"start":{"line":45,"column":8},"end":{"line":45,"column":13}},"20":{"start":{"line":54,"column":21},"end":{"line":54,"column":null}},"21":{"start":{"line":55,"column":4},"end":{"line":55,"column":9}},"22":{"start":{"line":56,"column":4},"end":{"line":56,"column":11}}},"fnMap":{"0":{"name":"(anonymous_0)","decl":{"start":{"line":11,"column":2},"end":{"line":11,"column":null}},"loc":{"start":{"line":12,"column":56},"end":{"line":16,"column":null}}},"1":{"name":"(anonymous_1)","decl":{"start":{"line":18,"column":9},"end":{"line":18,"column":15}},"loc":{"start":{"line":18,"column":15},"end":{"line":26,"column":null}}},"2":{"name":"(anonymous_2)","decl":{"start":{"line":28,"column":9},"end":{"line":28,"column":13}},"loc":{"start":{"line":28,"column":13},"end":{"line":30,"column":null}}},"3":{"name":"(anonymous_3)","decl":{"start":{"line":32,"column":9},"end":{"line":32,"column":14}},"loc":{"start":{"line":32,"column":14},"end":{"line":38,"column":null}}},"4":{"name":"(anonymous_4)","decl":{"start":{"line":34,"column":48},"end":{"line":34,"column":57}},"loc":{"start":{"line":34,"column":57},"end":{"line":37,"column":null}}},"5":{"name":"(anonymous_5)","decl":{"start":{"line":40,"column":9},"end":{"line":40,"column":21}},"loc":{"start":{"line":40,"column":41},"end":{"line":50,"column":null}}},"6":{"name":"(anonymous_6)","decl":{"start":{"line":43,"column":34},"end":{"line":43,"column":40}},"loc":{"start":{"line":43,"column":40},"end":{"line":43,"column":45}}},"7":{"name":"(anonymous_7)","decl":{"start":{"line":43,"column":84},"end":{"line":43,"column":103}},"loc":{"start":{"line":43,"column":103},"end":{"line":46,"column":null}}},"8":{"name":"(anonymous_8)","decl":{"start":{"line":53,"column":10},"end":{"line":53,"column":34}},"loc":{"start":{"line":53,"column":54},"end":{"line":57,"column":null}}}},"branchMap":{"0":{"loc":{"start":{"line":19,"column":4},"end":{"line":23,"column":null}},"type":"if","locations":[{"start":{"line":19,"column":4},"end":{"line":23,"column":null}},{"start":{"line":19,"column":4},"end":{"line":23,"column":null}}]},"1":{"loc":{"start":{"line":42,"column":4},"end":{"line":49,"column":null}},"type":"if","locations":[{"start":{"line":42,"column":4},"end":{"line":49,"column":null}},{"start":{"line":42,"column":4},"end":{"line":49,"column":null}}]}},"s":{"0":0,"1":0,"2":0,"3":0,"4":0,"5":0,"6":0,"7":0,"8":0,"9":0,"10":0,"11":0,"12":0,"13":0,"14":0,"15":0,"16":0,"17":0,"18":0,"19":0,"20":0,"21":0,"22":0},"f":{"0":0,"1":0,"2":0,"3":0,"4":0,"5":0,"6":0,"7":0,"8":0},"b":{"0":[0,0],"1":[0,0]}}
,"/home/haf/quotebox/src/random-element.ts": {"path":"/home/haf/quotebox/src/random-element.ts","statementMap":{"0":{"start":{"line":2,"column":2},"end":{"line":2,"column":9}}},"fnMap":{"0":{"name":"randomElement","decl":{"start":{"line":1,"column":16},"end":{"line":1,"column":33}},"loc":{"start":{"line":1,"column":43},"end":{"line":3,"column":null}}}},"branchMap":{},"s":{"0":0},"f":{"0":0},"b":{}}
,"/home/haf/quotebox/src/store.ts": {"path":"/home/haf/quotebox/src/store.ts","statementMap":{"0":{"start":{"line":1,"column":0},"end":{"line":1,"column":null}},"1":{"start":{"line":2,"column":0},"end":{"line":2,"column":null}},"2":{"start":{"line":11,"column":21},"end":{"line":11,"column":33}},"3":{"start":{"line":13,"column":2},"end":{"line":17,"column":null}},"4":{"start":{"line":14,"column":4},"end":{"line":14,"column":11}},"5":{"start":{"line":16,"column":4},"end":{"line":16,"column":11}},"6":{"start":{"line":21,"column":2},"end":{"line":21,"column":9}},"7":{"start":{"line":28,"column":24},"end":{"line":28,"column":36}},"8":{"start":{"line":29,"column":15},"end":{"line":29,"column":null}},"9":{"start":{"line":32,"column":28},"end":{"line":32,"column":48}},"10":{"start":{"line":32,"column":43},"end":{"line":32,"column":48}},"11":{"start":{"line":37,"column":6},"end":{"line":41,"column":null}},"12":{"start":{"line":38,"column":8},"end":{"line":38,"column":13}},"13":{"start":{"line":40,"column":8},"end":{"line":40,"column":13}},"14":{"start":{"line":43,"column":6},"end":{"line":43,"column":18}},"15":{"start":{"line":47,"column":6},"end":{"line":47,"column":11}},"16":{"start":{"line":49,"column":6},"end":{"line":49,"column":18}},"17":{"start":{"line":53,"column":6},"end":{"line":53,"column":11}},"18":{"start":{"line":55,"column":6},"end":{"line":55,"column":18}}},"fnMap":{"0":{"name":"loadProviderFromLocalStorage","decl":{"start":{"line":10,"column":9},"end":{"line":10,"column":37}},"loc":{"start":{"line":10,"column":37},"end":{"line":18,"column":null}}},"1":{"name":"loadStateFromLocalStorage","decl":{"start":{"line":20,"column":9},"end":{"line":20,"column":34}},"loc":{"start":{"line":20,"column":34},"end":{"line":26,"column":null}}},"2":{"name":"(anonymous_2)","decl":{"start":{"line":29,"column":9},"end":{"line":29,"column":15}},"loc":{"start":{"line":29,"column":15},"end":{"line":29,"column":null}}},"3":{"name":"(anonymous_3)","decl":{"start":{"line":32,"column":17},"end":{"line":32,"column":27}},"loc":{"start":{"line":32,"column":28},"end":{"line":32,"column":48}}},"4":{"name":"(anonymous_4)","decl":{"start":{"line":32,"column":28},"end":{"line":32,"column":43}},"loc":{"start":{"line":32,"column":43},"end":{"line":32,"column":48}}},"5":{"name":"(anonymous_5)","decl":{"start":{"line":36,"column":4},"end":{"line":36,"column":18}},"loc":{"start":{"line":36,"column":29},"end":{"line":44,"column":null}}},"6":{"name":"(anonymous_6)","decl":{"start":{"line":46,"column":4},"end":{"line":46,"column":20}},"loc":{"start":{"line":46,"column":20},"end":{"line":50,"column":null}}},"7":{"name":"(anonymous_7)","decl":{"start":{"line":52,"column":4},"end":{"line":52,"column":15}},"loc":{"start":{"line":52,"column":42},"end":{"line":56,"column":null}}}},"branchMap":{"0":{"loc":{"start":{"line":13,"column":2},"end":{"line":17,"column":null}},"type":"if","locations":[{"start":{"line":13,"column":2},"end":{"line":17,"column":null}},{"start":{"line":13,"column":2},"end":{"line":17,"column":null}}]},"1":{"loc":{"start":{"line":22,"column":47},"end":{"line":22,"column":59}},"type":"binary-expr","locations":[{"start":{"line":22,"column":47},"end":{"line":22,"column":59}},{"start":{"line":22,"column":80},"end":{"line":22,"column":null}}]},"2":{"loc":{"start":{"line":37,"column":6},"end":{"line":41,"column":null}},"type":"if","locations":[{"start":{"line":37,"column":6},"end":{"line":41,"column":null}},{"start":{"line":37,"column":6},"end":{"line":41,"column":null}}]}},"s":{"0":0,"1":0,"2":0,"3":0,"4":0,"5":0,"6":0,"7":0,"8":0,"9":0,"10":0,"11":0,"12":0,"13":0,"14":0,"15":0,"16":0,"17":0,"18":0},"f":{"0":0,"1":0,"2":0,"3":0,"4":0,"5":0,"6":0,"7":0},"b":{"0":[0,0],"1":[0,0],"2":[0,0]}}
,"/home/haf/quotebox/src/components/TheBackground.vue": {"path":"/home/haf/quotebox/src/components/TheBackground.vue","statementMap":{"0":{"start":{"line":12,"column":0},"end":{"line":12,"column":null}},"1":{"start":{"line":19,"column":17},"end":{"line":19,"column":21}},"2":{"start":{"line":21,"column":19},"end":{"line":21,"column":28}},"3":{"start":{"line":22,"column":2},"end":{"line":33,"column":null}},"4":{"start":{"line":23,"column":22},"end":{"line":23,"column":null}},"5":{"start":{"line":24,"column":22},"end":{"line":24,"column":null}},"6":{"start":{"line":25,"column":16},"end":{"line":25,"column":20}},"7":{"start":{"line":26,"column":23},"end":{"line":26,"column":27}},"8":{"start":{"line":27,"column":34},"end":{"line":27,"column":null}},"9":{"start":{"line":28,"column":32},"end":{"line":28,"column":null}},"10":{"start":{"line":30,"column":4},"end":{"line":30,"column":11}},"11":{"start":{"line":32,"column":4},"end":{"line":32,"column":11}}},"fnMap":{"0":{"name":"(anonymous_1)","decl":{"start":{"line":21,"column":28},"end":{"line":21,"column":null}},"loc":{"start":{"line":21,"column":28},"end":{"line":34,"column":null}}}},"branchMap":{"0":{"loc":{"start":{"line":22,"column":2},"end":{"line":33,"column":null}},"type":"if","locations":[{"start":{"line":22,"column":2},"end":{"line":33,"column":null}},{"start":{"line":22,"column":2},"end":{"line":33,"column":null}}]}},"s":{"0":1,"1":0,"2":0,"3":0,"4":0,"5":0,"6":0,"7":0,"8":0,"9":0,"10":0,"11":0},"f":{"0":0},"b":{"0":[0,0]}}
,"/home/haf/quotebox/src/components/TheDebugWindow.vue": {"path":"/home/haf/quotebox/src/components/TheDebugWindow.vue","statementMap":{"0":{"start":{"line":32,"column":0},"end":{"line":32,"column":null}},"1":{"start":{"line":37,"column":27},"end":{"line":37,"column":47}},"2":{"start":{"line":38,"column":19},"end":{"line":38,"column":39}},"3":{"start":{"line":39,"column":13},"end":{"line":39,"column":17}},"4":{"start":{"line":47,"column":22},"end":{"line":47,"column":26}},"5":{"start":{"line":48,"column":28},"end":{"line":48,"column":40}},"6":{"start":{"line":48,"column":46},"end":{"line":48,"column":59}},"7":{"start":{"line":50,"column":0},"end":{"line":50,"column":10}},"8":{"start":{"line":51,"column":2},"end":{"line":53,"column":null}},"9":{"start":{"line":52,"column":4},"end":{"line":52,"column":15}},"10":{"start":{"line":56,"column":0},"end":{"line":56,"column":6}},"11":{"start":{"line":57,"column":2},"end":{"line":60,"column":15}},"12":{"start":{"line":58,"column":4},"end":{"line":58,"column":15}},"13":{"start":{"line":60,"column":4},"end":{"line":60,"column":15}},"14":{"start":{"line":63,"column":0},"end":{"line":63,"column":6}},"15":{"start":{"line":63,"column":12},"end":{"line":63,"column":17}},"16":{"start":{"line":64,"column":4},"end":{"line":64,"column":14}},"17":{"start":{"line":65,"column":6},"end":{"line":66,"column":18}},"18":{"start":{"line":66,"column":8},"end":{"line":66,"column":18}},"19":{"start":{"line":71,"column":2},"end":{"line":72,"column":11}},"20":{"start":{"line":72,"column":4},"end":{"line":72,"column":11}},"21":{"start":{"line":73,"column":2},"end":{"line":76,"column":10}},"22":{"start":{"line":74,"column":4},"end":{"line":74,"column":11}},"23":{"start":{"line":76,"column":4},"end":{"line":76,"column":10}},"24":{"start":{"line":80,"column":2},"end":{"line":80,"column":14}},"25":{"start":{"line":83,"column":0},"end":{"line":83,"column":12}},"26":{"start":{"line":83,"column":18},"end":{"line":83,"column":31}}},"fnMap":{"0":{"name":"(anonymous_1)","decl":{"start":{"line":48,"column":40},"end":{"line":48,"column":46}},"loc":{"start":{"line":48,"column":40},"end":{"line":48,"column":131}}},"1":{"name":"(anonymous_2)","decl":{"start":{"line":50,"column":10},"end":{"line":50,"column":null}},"loc":{"start":{"line":50,"column":10},"end":{"line":54,"column":null}}},"2":{"name":"(anonymous_3)","decl":{"start":{"line":56,"column":12},"end":{"line":56,"column":13}},"loc":{"start":{"line":56,"column":30},"end":{"line":61,"column":null}}},"3":{"name":"(anonymous_4)","decl":{"start":{"line":63,"column":6},"end":{"line":63,"column":12}},"loc":{"start":{"line":63,"column":6},"end":{"line":63,"column":33}}},"4":{"name":"(anonymous_5)","decl":{"start":{"line":63,"column":33},"end":{"line":63,"column":null}},"loc":{"start":{"line":63,"column":33},"end":{"line":68,"column":null}}},"5":{"name":"(anonymous_6)","decl":{"start":{"line":64,"column":15},"end":{"line":64,"column":null}},"loc":{"start":{"line":64,"column":15},"end":{"line":67,"column":7}}},"6":{"name":"getColor","decl":{"start":{"line":70,"column":9},"end":{"line":70,"column":18}},"loc":{"start":{"line":70,"column":47},"end":{"line":77,"column":null}}},"7":{"name":"clearStorage","decl":{"start":{"line":79,"column":9},"end":{"line":79,"column":21}},"loc":{"start":{"line":79,"column":21},"end":{"line":81,"column":null}}},"8":{"name":"(anonymous_9)","decl":{"start":{"line":83,"column":12},"end":{"line":83,"column":18}},"loc":{"start":{"line":83,"column":12},"end":{"line":83,"column":null}}}},"branchMap":{"0":{"loc":{"start":{"line":51,"column":2},"end":{"line":53,"column":null}},"type":"if","locations":[{"start":{"line":51,"column":2},"end":{"line":53,"column":null}},{"start":{"line":51,"column":2},"end":{"line":53,"column":null}}]},"1":{"loc":{"start":{"line":57,"column":2},"end":{"line":60,"column":15}},"type":"if","locations":[{"start":{"line":57,"column":2},"end":{"line":60,"column":15}},{"start":{"line":57,"column":2},"end":{"line":60,"column":15}}]},"2":{"loc":{"start":{"line":58,"column":15},"end":{"line":58,"column":17}},"type":"cond-expr","locations":[{"start":{"line":58,"column":15},"end":{"line":58,"column":17}},{"start":{"line":58,"column":4},"end":{"line":58,"column":15}}]},"3":{"loc":{"start":{"line":58,"column":4},"end":{"line":58,"column":17}},"type":"binary-expr","locations":[{"start":{"line":58,"column":4},"end":{"line":58,"column":17}},{"start":{"line":58,"column":4},"end":{"line":58,"column":17}}]},"4":{"loc":{"start":{"line":60,"column":15},"end":{"line":60,"column":17}},"type":"cond-expr","locations":[{"start":{"line":60,"column":15},"end":{"line":60,"column":17}},{"start":{"line":60,"column":4},"end":{"line":60,"column":15}}]},"5":{"loc":{"start":{"line":60,"column":4},"end":{"line":60,"column":17}},"type":"binary-expr","locations":[{"start":{"line":60,"column":4},"end":{"line":60,"column":17}},{"start":{"line":60,"column":4},"end":{"line":60,"column":17}}]},"6":{"loc":{"start":{"line":65,"column":6},"end":{"line":66,"column":18}},"type":"if","locations":[{"start":{"line":65,"column":6},"end":{"line":66,"column":18}},{"start":{"line":65,"column":6},"end":{"line":66,"column":18}}]},"7":{"loc":{"start":{"line":71,"column":2},"end":{"line":72,"column":11}},"type":"if","locations":[{"start":{"line":71,"column":2},"end":{"line":72,"column":11}},{"start":{"line":71,"column":2},"end":{"line":72,"column":11}}]},"8":{"loc":{"start":{"line":73,"column":2},"end":{"line":76,"column":10}},"type":"if","locations":[{"start":{"line":73,"column":2},"end":{"line":76,"column":10}},{"start":{"line":73,"column":2},"end":{"line":76,"column":10}}]}},"s":{"0":0,"1":0,"2":0,"3":0,"4":0,"5":0,"6":0,"7":0,"8":0,"9":0,"10":0,"11":0,"12":0,"13":0,"14":0,"15":0,"16":0,"17":0,"18":0,"19":0,"20":0,"21":0,"22":0,"23":0,"24":0,"25":0,"26":0},"f":{"0":0,"1":0,"2":0,"3":0,"4":0,"5":0,"6":0,"7":0,"8":0},"b":{"0":[0,0],"1":[0,0],"2":[0,0],"3":[0,0],"4":[0,0],"5":[0,0],"6":[0,0],"7":[0,0],"8":[0,0]}}
,"/home/haf/quotebox/src/components/TheErrorAlert.vue": {"path":"/home/haf/quotebox/src/components/TheErrorAlert.vue","statementMap":{"0":{"start":{"line":13,"column":0},"end":{"line":13,"column":null}},"1":{"start":{"line":14,"column":23},"end":{"line":14,"column":null}},"2":{"start":{"line":20,"column":13},"end":{"line":20,"column":17}},"3":{"start":{"line":22,"column":0},"end":{"line":22,"column":6}},"4":{"start":{"line":22,"column":12},"end":{"line":22,"column":17}},"5":{"start":{"line":23,"column":2},"end":{"line":26,"column":null}},"6":{"start":{"line":24,"column":4},"end":{"line":24,"column":8}},"7":{"start":{"line":25,"column":4},"end":{"line":25,"column":14}},"8":{"start":{"line":25,"column":21},"end":{"line":25,"column":25}}},"fnMap":{"0":{"name":"(anonymous_1)","decl":{"start":{"line":22,"column":6},"end":{"line":22,"column":12}},"loc":{"start":{"line":22,"column":6},"end":{"line":22,"column":25}}},"1":{"name":"(anonymous_2)","decl":{"start":{"line":22,"column":25},"end":{"line":22,"column":26}},"loc":{"start":{"line":22,"column":32},"end":{"line":27,"column":null}}},"2":{"name":"(anonymous_3)","decl":{"start":{"line":25,"column":15},"end":{"line":25,"column":21}},"loc":{"start":{"line":25,"column":15},"end":{"line":25,"column":41}}}},"branchMap":{"0":{"loc":{"start":{"line":23,"column":2},"end":{"line":26,"column":null}},"type":"if","locations":[{"start":{"line":23,"column":2},"end":{"line":26,"column":null}},{"start":{"line":23,"column":2},"end":{"line":26,"column":null}}]}},"s":{"0":0,"1":0,"2":0,"3":0,"4":0,"5":0,"6":0,"7":0,"8":0},"f":{"0":0,"1":0,"2":0},"b":{"0":[0,0]}}
,"/home/haf/quotebox/src/components/TheExpertModeSwitch.vue": {"path":"/home/haf/quotebox/src/components/TheExpertModeSwitch.vue","statementMap":{"0":{"start":{"line":12,"column":0},"end":{"line":12,"column":null}},"1":{"start":{"line":13,"column":0},"end":{"line":13,"column":null}},"2":{"start":{"line":15,"column":14},"end":{"line":15,"column":null}},"3":{"start":{"line":16,"column":23},"end":{"line":16,"column":7}},"4":{"start":{"line":18,"column":20},"end":{"line":18,"column":29}},"5":{"start":{"line":19,"column":13},"end":{"line":19,"column":23}},"6":{"start":{"line":20,"column":14},"end":{"line":20,"column":19}}},"fnMap":{"0":{"name":"(anonymous_1)","decl":{"start":{"line":19,"column":7},"end":{"line":19,"column":13}},"loc":{"start":{"line":19,"column":7},"end":{"line":19,"column":null}}},"1":{"name":"(anonymous_2)","decl":{"start":{"line":20,"column":7},"end":{"line":20,"column":8}},"loc":{"start":{"line":20,"column":9},"end":{"line":20,"column":null}}}},"branchMap":{},"s":{"0":0,"1":0,"2":0,"3":0,"4":0,"5":0,"6":0},"f":{"0":0,"1":0},"b":{}}
,"/home/haf/quotebox/src/components/TheProviderSelector.vue": {"path":"/home/haf/quotebox/src/components/TheProviderSelector.vue","statementMap":{"0":{"start":{"line":12,"column":0},"end":{"line":12,"column":null}},"1":{"start":{"line":13,"column":0},"end":{"line":13,"column":null}},"2":{"start":{"line":14,"column":0},"end":{"line":14,"column":null}},"3":{"start":{"line":16,"column":14},"end":{"line":16,"column":null}},"4":{"start":{"line":17,"column":21},"end":{"line":17,"column":7}},"5":{"start":{"line":23,"column":21},"end":{"line":23,"column":30}},"6":{"start":{"line":24,"column":13},"end":{"line":24,"column":21}},"7":{"start":{"line":26,"column":4},"end":{"line":26,"column":9}},"8":{"start":{"line":27,"column":4},"end":{"line":27,"column":8}}},"fnMap":{"0":{"name":"(anonymous_1)","decl":{"start":{"line":24,"column":7},"end":{"line":24,"column":13}},"loc":{"start":{"line":24,"column":7},"end":{"line":24,"column":null}}},"1":{"name":"(anonymous_2)","decl":{"start":{"line":25,"column":7},"end":{"line":25,"column":8}},"loc":{"start":{"line":25,"column":34},"end":{"line":28,"column":null}}}},"branchMap":{},"s":{"0":0,"1":0,"2":0,"3":0,"4":0,"5":0,"6":0,"7":0,"8":0},"f":{"0":0,"1":0},"b":{}}
,"/home/haf/quotebox/src/components/TheQuoteActions.vue": {"path":"/home/haf/quotebox/src/components/TheQuoteActions.vue","statementMap":{"0":{"start":{"line":38,"column":0},"end":{"line":38,"column":null}},"1":{"start":{"line":40,"column":0},"end":{"line":40,"column":null}},"2":{"start":{"line":42,"column":14},"end":{"line":42,"column":null}}},"fnMap":{},"branchMap":{},"s":{"0":0,"1":0,"2":0},"f":{},"b":{}}
,"/home/haf/quotebox/src/components/TheQuoteBox.vue": {"path":"/home/haf/quotebox/src/components/TheQuoteBox.vue","statementMap":{"0":{"start":{"line":30,"column":0},"end":{"line":30,"column":null}}},"fnMap":{},"branchMap":{},"s":{"0":0},"f":{},"b":{}}
,"/home/haf/quotebox/src/debug/debug-message.ts": {"path":"/home/haf/quotebox/src/debug/debug-message.ts","statementMap":{"0":{"start":{"line":7,"column":20},"end":{"line":7,"column":null}},"1":{"start":{"line":8,"column":20},"end":{"line":8,"column":34}},"2":{"start":{"line":4,"column":18},"end":{"line":4,"column":30}}},"fnMap":{"0":{"name":"(anonymous_0)","decl":{"start":{"line":6,"column":2},"end":{"line":6,"column":null}},"loc":{"start":{"line":8,"column":34},"end":{"line":9,"column":null}}}},"branchMap":{},"s":{"0":0,"1":0,"2":0},"f":{"0":0},"b":{}}
,"/home/haf/quotebox/src/quotes/json-quote-provider.ts": {"path":"/home/haf/quotebox/src/quotes/json-quote-provider.ts","statementMap":{"0":{"start":{"line":2,"column":0},"end":{"line":2,"column":null}},"1":{"start":{"line":4,"column":0},"end":{"line":4,"column":null}},"2":{"start":{"line":5,"column":0},"end":{"line":5,"column":null}},"3":{"start":{"line":8,"column":2},"end":{"line":10,"column":null}},"4":{"start":{"line":9,"column":4},"end":{"line":9,"column":10}},"5":{"start":{"line":11,"column":2},"end":{"line":11,"column":9}},"6":{"start":{"line":15,"column":18},"end":{"line":15,"column":39}},"7":{"start":{"line":20,"column":4},"end":{"line":20,"column":9}},"8":{"start":{"line":26,"column":4},"end":{"line":38,"column":null}},"9":{"start":{"line":27,"column":6},"end":{"line":27,"column":13}},"10":{"start":{"line":27,"column":40},"end":{"line":27,"column":54}},"11":{"start":{"line":28,"column":9},"end":{"line":38,"column":null}},"12":{"start":{"line":29,"column":6},"end":{"line":29,"column":13}},"13":{"start":{"line":29,"column":40},"end":{"line":29,"column":54}},"14":{"start":{"line":29,"column":87},"end":{"line":29,"column":null}},"15":{"start":{"line":30,"column":11},"end":{"line":38,"column":null}},"16":{"start":{"line":31,"column":6},"end":{"line":31,"column":13}},"17":{"start":{"line":31,"column":40},"end":{"line":31,"column":54}},"18":{"start":{"line":31,"column":87},"end":{"line":31,"column":null}},"19":{"start":{"line":32,"column":11},"end":{"line":38,"column":null}},"20":{"start":{"line":33,"column":6},"end":{"line":33,"column":13}},"21":{"start":{"line":33,"column":40},"end":{"line":33,"column":54}},"22":{"start":{"line":33,"column":87},"end":{"line":33,"column":88}},"23":{"start":{"line":34,"column":11},"end":{"line":38,"column":null}},"24":{"start":{"line":35,"column":6},"end":{"line":35,"column":13}},"25":{"start":{"line":35,"column":40},"end":{"line":35,"column":53}},"26":{"start":{"line":35,"column":73},"end":{"line":35,"column":90}},"27":{"start":{"line":37,"column":6},"end":{"line":37,"column":12}}},"fnMap":{"0":{"name":"checkNotEmpty","decl":{"start":{"line":7,"column":9},"end":{"line":7,"column":23}},"loc":{"start":{"line":7,"column":38},"end":{"line":12,"column":null}}},"1":{"name":"(anonymous_1)","decl":{"start":{"line":19,"column":2},"end":{"line":19,"column":null}},"loc":{"start":{"line":19,"column":2},"end":{"line":21,"column":null}}},"2":{"name":"(anonymous_2)","decl":{"start":{"line":25,"column":15},"end":{"line":25,"column":16}},"loc":{"start":{"line":25,"column":38},"end":{"line":39,"column":null}}},"3":{"name":"(anonymous_3)","decl":{"start":{"line":27,"column":30},"end":{"line":27,"column":36}},"loc":{"start":{"line":27,"column":40},"end":{"line":27,"column":54}}},"4":{"name":"(anonymous_4)","decl":{"start":{"line":29,"column":30},"end":{"line":29,"column":36}},"loc":{"start":{"line":29,"column":40},"end":{"line":29,"column":54}}},"5":{"name":"(anonymous_5)","decl":{"start":{"line":29,"column":82},"end":{"line":29,"column":83}},"loc":{"start":{"line":29,"column":87},"end":{"line":29,"column":null}}},"6":{"name":"(anonymous_6)","decl":{"start":{"line":31,"column":30},"end":{"line":31,"column":36}},"loc":{"start":{"line":31,"column":40},"end":{"line":31,"column":54}}},"7":{"name":"(anonymous_7)","decl":{"start":{"line":31,"column":82},"end":{"line":31,"column":83}},"loc":{"start":{"line":31,"column":87},"end":{"line":31,"column":null}}},"8":{"name":"(anonymous_8)","decl":{"start":{"line":33,"column":30},"end":{"line":33,"column":36}},"loc":{"start":{"line":33,"column":40},"end":{"line":33,"column":54}}},"9":{"name":"(anonymous_9)","decl":{"start":{"line":33,"column":82},"end":{"line":33,"column":83}},"loc":{"start":{"line":33,"column":87},"end":{"line":33,"column":88}}},"10":{"name":"(anonymous_10)","decl":{"start":{"line":35,"column":30},"end":{"line":35,"column":36}},"loc":{"start":{"line":35,"column":40},"end":{"line":35,"column":53}}},"11":{"name":"(anonymous_11)","decl":{"start":{"line":35,"column":68},"end":{"line":35,"column":69}},"loc":{"start":{"line":35,"column":73},"end":{"line":35,"column":90}}}},"branchMap":{"0":{"loc":{"start":{"line":8,"column":2},"end":{"line":10,"column":null}},"type":"if","locations":[{"start":{"line":8,"column":2},"end":{"line":10,"column":null}},{"start":{"line":8,"column":2},"end":{"line":10,"column":null}}]},"1":{"loc":{"start":{"line":26,"column":4},"end":{"line":38,"column":null}},"type":"if","locations":[{"start":{"line":26,"column":4},"end":{"line":38,"column":null}},{"start":{"line":26,"column":4},"end":{"line":38,"column":null}}]},"2":{"loc":{"start":{"line":28,"column":9},"end":{"line":38,"column":null}},"type":"if","locations":[{"start":{"line":28,"column":9},"end":{"line":38,"column":null}},{"start":{"line":28,"column":9},"end":{"line":38,"column":null}}]},"3":{"loc":{"start":{"line":30,"column":11},"end":{"line":38,"column":null}},"type":"if","locations":[{"start":{"line":30,"column":11},"end":{"line":38,"column":null}},{"start":{"line":30,"column":11},"end":{"line":38,"column":null}}]},"4":{"loc":{"start":{"line":32,"column":11},"end":{"line":38,"column":null}},"type":"if","locations":[{"start":{"line":32,"column":11},"end":{"line":38,"column":null}},{"start":{"line":32,"column":11},"end":{"line":38,"column":null}}]},"5":{"loc":{"start":{"line":34,"column":11},"end":{"line":38,"column":null}},"type":"if","locations":[{"start":{"line":34,"column":11},"end":{"line":38,"column":null}},{"start":{"line":34,"column":11},"end":{"line":38,"column":null}}]}},"s":{"0":0,"1":0,"2":0,"3":0,"4":0,"5":0,"6":0,"7":0,"8":0,"9":0,"10":0,"11":0,"12":0,"13":0,"14":0,"15":0,"16":0,"17":0,"18":0,"19":0,"20":0,"21":0,"22":0,"23":0,"24":0,"25":0,"26":0,"27":0},"f":{"0":0,"1":0,"2":0,"3":0,"4":0,"5":0,"6":0,"7":0,"8":0,"9":0,"10":0,"11":0},"b":{"0":[0,0],"1":[0,0],"2":[0,0],"3":[0,0],"4":[0,0],"5":[0,0]}}
,"/home/haf/quotebox/src/quotes/quotable-quote-provider.ts": {"path":"/home/haf/quotebox/src/quotes/quotable-quote-provider.ts","statementMap":{"0":{"start":{"line":2,"column":0},"end":{"line":2,"column":null}},"1":{"start":{"line":3,"column":0},"end":{"line":3,"column":null}},"2":{"start":{"line":15,"column":2},"end":{"line":15,"column":9}},"3":{"start":{"line":24,"column":18},"end":{"line":24,"column":39}},"4":{"start":{"line":25,"column":19},"end":{"line":25,"column":32}},"5":{"start":{"line":31,"column":4},"end":{"line":43,"column":null}},"6":{"start":{"line":32,"column":6},"end":{"line":32,"column":13}},"7":{"start":{"line":32,"column":72},"end":{"line":32,"column":85}},"8":{"start":{"line":33,"column":9},"end":{"line":43,"column":null}},"9":{"start":{"line":34,"column":6},"end":{"line":34,"column":13}},"10":{"start":{"line":34,"column":103},"end":{"line":34,"column":116}},"11":{"start":{"line":35,"column":11},"end":{"line":43,"column":null}},"12":{"start":{"line":36,"column":6},"end":{"line":36,"column":12}},"13":{"start":{"line":37,"column":11},"end":{"line":43,"column":null}},"14":{"start":{"line":38,"column":6},"end":{"line":38,"column":13}},"15":{"start":{"line":38,"column":98},"end":{"line":38,"column":111}},"16":{"start":{"line":39,"column":11},"end":{"line":43,"column":null}},"17":{"start":{"line":40,"column":6},"end":{"line":40,"column":13}},"18":{"start":{"line":40,"column":101},"end":{"line":40,"column":114}},"19":{"start":{"line":42,"column":6},"end":{"line":42,"column":12}}},"fnMap":{"0":{"name":"fromQuotable","decl":{"start":{"line":14,"column":9},"end":{"line":14,"column":22}},"loc":{"start":{"line":14,"column":42},"end":{"line":21,"column":null}}},"1":{"name":"(anonymous_1)","decl":{"start":{"line":23,"column":0},"end":{"line":23,"column":6}},"loc":{"start":{"line":23,"column":0},"end":{"line":46,"column":null}}},"2":{"name":"(anonymous_2)","decl":{"start":{"line":30,"column":15},"end":{"line":30,"column":16}},"loc":{"start":{"line":30,"column":38},"end":{"line":44,"column":null}}},"3":{"name":"(anonymous_3)","decl":{"start":{"line":32,"column":60},"end":{"line":32,"column":68}},"loc":{"start":{"line":32,"column":72},"end":{"line":32,"column":85}}},"4":{"name":"(anonymous_4)","decl":{"start":{"line":34,"column":91},"end":{"line":34,"column":99}},"loc":{"start":{"line":34,"column":103},"end":{"line":34,"column":116}}},"5":{"name":"(anonymous_5)","decl":{"start":{"line":38,"column":86},"end":{"line":38,"column":94}},"loc":{"start":{"line":38,"column":98},"end":{"line":38,"column":111}}},"6":{"name":"(anonymous_6)","decl":{"start":{"line":40,"column":89},"end":{"line":40,"column":97}},"loc":{"start":{"line":40,"column":101},"end":{"line":40,"column":114}}}},"branchMap":{"0":{"loc":{"start":{"line":31,"column":4},"end":{"line":43,"column":null}},"type":"if","locations":[{"start":{"line":31,"column":4},"end":{"line":43,"column":null}},{"start":{"line":31,"column":4},"end":{"line":43,"column":null}}]},"1":{"loc":{"start":{"line":33,"column":9},"end":{"line":43,"column":null}},"type":"if","locations":[{"start":{"line":33,"column":9},"end":{"line":43,"column":null}},{"start":{"line":33,"column":9},"end":{"line":43,"column":null}}]},"2":{"loc":{"start":{"line":35,"column":11},"end":{"line":43,"column":null}},"type":"if","locations":[{"start":{"line":35,"column":11},"end":{"line":43,"column":null}},{"start":{"line":35,"column":11},"end":{"line":43,"column":null}}]},"3":{"loc":{"start":{"line":37,"column":11},"end":{"line":43,"column":null}},"type":"if","locations":[{"start":{"line":37,"column":11},"end":{"line":43,"column":null}},{"start":{"line":37,"column":11},"end":{"line":43,"column":null}}]},"4":{"loc":{"start":{"line":39,"column":11},"end":{"line":43,"column":null}},"type":"if","locations":[{"start":{"line":39,"column":11},"end":{"line":43,"column":null}},{"start":{"line":39,"column":11},"end":{"line":43,"column":null}}]}},"s":{"0":0,"1":0,"2":0,"3":0,"4":0,"5":0,"6":0,"7":0,"8":0,"9":0,"10":0,"11":0,"12":0,"13":0,"14":0,"15":0,"16":0,"17":0,"18":0,"19":0},"f":{"0":0,"1":0,"2":0,"3":0,"4":0,"5":0,"6":0},"b":{"0":[0,0],"1":[0,0],"2":[0,0],"3":[0,0],"4":[0,0]}}
,"/home/haf/quotebox/src/quotes/quote-provider.ts": {"path":"/home/haf/quotebox/src/quotes/quote-provider.ts","statementMap":{"0":{"start":{"line":2,"column":0},"end":{"line":2,"column":null}},"1":{"start":{"line":3,"column":0},"end":{"line":3,"column":null}},"2":{"start":{"line":5,"column":0},"end":{"line":5,"column":12}},"3":{"start":{"line":6,"column":2},"end":{"line":6,"column":null}},"4":{"start":{"line":7,"column":2},"end":{"line":7,"column":null}},"5":{"start":{"line":16,"column":64},"end":{"line":16,"column":null}},"6":{"start":{"line":22,"column":2},"end":{"line":22,"column":9}}},"fnMap":{"0":{"name":"(anonymous_0)","decl":{"start":{"line":5,"column":0},"end":{"line":5,"column":12}},"loc":{"start":{"line":5,"column":24},"end":{"line":8,"column":null}}},"1":{"name":"getProvider","decl":{"start":{"line":21,"column":16},"end":{"line":21,"column":28}},"loc":{"start":{"line":21,"column":46},"end":{"line":23,"column":null}}}},"branchMap":{"0":{"loc":{"start":{"line":5,"column":12},"end":{"line":5,"column":24}},"type":"binary-expr","locations":[{"start":{"line":5,"column":12},"end":{"line":5,"column":24}},{"start":{"line":5,"column":24},"end":{"line":5,"column":null}}]}},"s":{"0":0,"1":0,"2":0,"3":0,"4":0,"5":0,"6":0},"f":{"0":0,"1":0},"b":{"0":[0,0]}}
}
